<?xml version="1.0" encoding="UTF-8"?>
<!-- Generated by org.testng.reporters.JUnitReportReporter -->
<testsuite skipped="0" hostname="IT-C02SK60BG8WN.local" name="automationFramework.LoadConfigurations" tests="1" failures="0" timestamp="27 Nov 2018 19:33:45 GMT" time="0.009" errors="0">
  <testcase name="setDriverProperties" time="0.009" classname="automationFramework.LoadConfigurations"/>
</testsuite> <!-- automationFramework.LoadConfigurations -->
