<?xml version="1.0" encoding="UTF-8"?>
<!-- Generated by org.testng.reporters.JUnitReportReporter -->
<testsuite skipped="0" hostname="IT-C02SK60BG8WN.local" name="automationFramework.FirstTestClass" tests="1" failures="0" timestamp="27 Nov 2018 18:51:46 GMT" time="2.143" errors="0">
  <testcase name="f" time="2.143" classname="automationFramework.FirstTestClass"/>
</testsuite> <!-- automationFramework.FirstTestClass -->
